15.14.40	SUCCESS	index	send - index.html
15.18.05	EVENT	index	send - index.html
15.21.09	EVENT	index	send - index.html
15.25.13	EVENT	index	send - index.html
15.32.18	EVENT	index	send - index.html
15.34.00	EVENT	index	send - index.html
15.34.02	EVENT	index	send - index.html
16.20.16	EVENT	index	send - index.html
16.20.22	EVENT	index	send - index.html
17.11.22	EVENT	index	send - index.html
17.11.36	EVENT	index	send - index.html
17.11.37	EVENT	index	send - index.html
17.11.37	EVENT	index	send - index.html
17.11.37	EVENT	index	send - index.html
17.11.37	EVENT	index	send - index.html
17.11.38	EVENT	index	send - index.html
17.11.38	EVENT	index	send - index.html
17.11.38	EVENT	index	send - index.html
17.28.11	EVENT	index	send - index.html
17.28.55	EVENT	index	send - index.html
17.28.55	EVENT	index	send - index.html
17.28.55	EVENT	index	send - index.html
17.28.56	EVENT	index	send - index.html
17.28.56	EVENT	index	send - index.html
17.28.56	EVENT	index	send - index.html
17.29.14	SUCCESS	index	send to +79661140411	text: hello me
17.30.23	EVENT	index	send - index.html
17.30.25	EVENT	index	send - index.html
17.32.32	SUCCESS	index	send to +79661140411	text: Vinegar was sweeping her house when the broom went right through the roof.
17.33.32	EVENT	index	send - index.html
19.21.49	EVENT	index	send - index.html
19.22.03	ERROR	index	 used method SERVER STOP
19.22.37	EVENT	index	send - index.html
19.22.56	EVENT	index	send - index.html
19.25.37	EVENT	index	send - index.html
19.25.42	ERROR	index	 used method SERVER STOP
19.25.53	EVENT	index	send - index.html
19.29.22	ERROR	index	 used method SERVER STOP
19.29.29	EVENT	index	send - index.html
19.49.48	EVENT	index	send - index.html
19.50.04	EVENT	index	send - index.html
19.50.19	SUCCESS	index	send to +79661140411	text: it's me
19.52.10	ERROR	index	 used method SERVER STOP
19.52.19	ERROR	index	 used method SERVER STOP
19.52.19	ERROR	index	 used method SERVER STOP
19.52.20	ERROR	index	 used method SERVER STOP
19.52.21	ERROR	index	 used method SERVER STOP
19.58.43	EVENT	index	send - index.html
20.15.55	EVENT	class threadPyqt	last balance taken = 0
20.16.01	EVENT	class threadPyqt	last balance taken = 0
20.16.22	EVENT	class threadPyqt	last balance taken = 0
20.16.26	EVENT	class threadPyqt	last balance taken = 0
20.18.26	SUCCESS	take_balance	take balance from  = 158.95
