2022-04-25-11.05.57 - Take balance from  = 72.6
2022-04-25-11.05.57 - Take balance from  = 72.6
2022-04-25-11.06.07 - open - index.html
2022-04-25-11.06.17 - SUCCESS send to +79661140411	text: hello Andrew
2022-04-25-11.12.20	SUCCESS	take balance from  = 72.6
2022-04-25-11.12.20	SUCCESS	take balance from  = 72.6
2022-04-25-11.12.22	open - index.html
2022-04-25-11.12.30	SUCCESS send to +79661140411	text: it's me
11.30.54	SUCCESS	take_balance	take balance from  = 72.6
11.30.54	SUCCESS	take_balance	take balance from  = 72.6
11.30.55	SUCCESS	index	send - index.html
11.31.16	SUCCESS	index	send to +79661140411	text: and it's me
11.44.21	SUCCESS	take_balance	take balance from  = 72.6
11.44.21	SUCCESS	take_balance	take balance from  = 72.6
11.44.23	SUCCESS	index	send - index.html
11.44.49	SUCCESS	index	send to +79661140411	text: hi
11.50.08	ERROR	index	send to None	text: None
11.51.18	ERROR	index	send to None	text: None
11.54.15	SUCCESS	take_balance	take balance from  = 72.6
11.54.16	SUCCESS	take_balance	take balance from  = 72.6
11.54.19	ERROR	index	send to None	text: None
11.56.58	ERROR	index	send to None	text: None
11.58.16	ERROR	index	send to None	text: None
11.59.16	ERROR	index	send to None	text: None
12.00.59	ERROR	index	send to None	text: None
12.02.59	ERROR	index	send to None	text: None
12.20.16	SUCCESS	take_balance	take balance from  = 68.65
12.20.51	SUCCESS	take_balance	take balance from  = 68.65
12.20.51	SUCCESS	take_balance	take balance from  = 68.65
12.23.54	SUCCESS	take_balance	take balance from  = 64.7
12.23.54	SUCCESS	take_balance	take balance from  = 64.7
12.23.59	SUCCESS	index	send to  79661140411	text: Привет Андрей
12.25.26	SUCCESS	index	send to  79661140411	text: Привет Андрей
12.28.22	ERROR	index	send to  79661140411	text: Привет Андрей
12.30.16	SUCCESS	take_balance	take balance from  = 56.8
12.30.16	SUCCESS	take_balance	take balance from  = 56.8
12.30.18	ERROR	index	send to  79661140411	text: Привет Андрей
12.31.12	ERROR	index	send to None	text: None
12.32.58	ERROR	index	send to None	text: None
12.33.26	ERROR	index	send to None	text: None
12.34.18	ERROR	index	send to None	text: None
12.35.26	SUCCESS	index	send to  79661140411	text: Привет Андрей 25.04.2022 12:35:22
12.36.26	SUCCESS	index	send to  79661140411	text: Привет Андрей 25.04.2022 12:36:22
http://yurok3000.ru:8085
12.39.38	SUCCESS	index	send to  79661140411	text: Привет Андрей 25.04.2022 12:39:35
450DAFF6-9D1D-6CEF-ADB1-B70D06CF6B84

12.40.18	SUCCESS	take_balance	take balance from  = 222.15
12.40.19	SUCCESS	take_balance	take balance from  = 222.15
12.40.27	SUCCESS	index	send to  79661140411	text: Привет Андрей 25.04.2022 12:40:23
450DAFF6-9D1D-6CEF-ADB1-B70D06CF6B84

12.41.02	ERROR	index	send to 9156814087	text: Привет Андрей 25.04.2022 12:41:00
450DAFF6-9D1D-6CEF-ADB1-B70D06CF6B84

12.42.02	ERROR	index	send to 79156814087	text: Привет Андрей 25.04.2022 12:42:00
450DAFF6-9D1D-6CEF-ADB1-B70D06CF6B84

12.42.39	ERROR	index	send to  79156814087	text: Привет Андрей 25.04.2022 12:42:38
450DAFF6-9D1D-6CEF-ADB1-B70D06CF6B84

12.44.02	SUCCESS	index	send to  79661140411	text: Привет Андрей 25.04.2022 12:44:00
450DAFF6-9D1D-6CEF-ADB1-B70D06CF6B84

12.48.56	SUCCESS	take_balance	take balance from  = 206.35
12.48.56	SUCCESS	take_balance	take balance from  = 206.35
12.49.05	SUCCESS	index	send to  79661140411	text: Привет Андрей 25.04.2022 12:49:04
450DAFF6-9D1D-6CEF-ADB1-B70D06CF6B84

12.49.42	ERROR	index	send to  79156814087	text: Привет Андрей 25.04.2022 12:49:40
450DAFF6-9D1D-6CEF-ADB1-B70D06CF6B84

12.56.30	SUCCESS	take_balance	take balance from  = 198.45
12.59.08	SUCCESS	take_balance	take balance from  = 198.45
12.59.12	SUCCESS	index	send to  79661140411	text: hello from Postman
13.12.27	SUCCESS	take_balance	take balance from  = 194.5
13.12.27	SUCCESS	take_balance	take balance from  = 194.5
13.12.32	SUCCESS	index	send to  79661140411	text: hello from Postman
14.15.46	SUCCESS	take_balance	take balance from  = 190.55
14.15.46	SUCCESS	take_balance	take balance from  = 190.55
14.16.00	SUCCESS	index	send to  79661140411	text: hello from Postman
14.39.14	SUCCESS	take_balance	take balance from  = 186.6
14.39.15	SUCCESS	take_balance	take balance from  = 186.6
14.39.16	SUCCESS	index	send - index.html
14.40.32	SUCCESS	take_balance	take balance from  = 186.6
14.40.32	SUCCESS	take_balance	take balance from  = 186.6
14.41.14	SUCCESS	take_balance	take balance from  = 186.6
14.41.14	SUCCESS	take_balance	take balance from  = 186.6
14.41.57	SUCCESS	index	send - index.html
14.42.12	SUCCESS	take_balance	take balance from  = 186.6
14.42.12	SUCCESS	take_balance	take balance from  = 186.6
14.42.16	SUCCESS	index	send - index.html
14.42.20	SUCCESS	index	send - index.html
14.44.03	SUCCESS	take_balance	take balance from  = 186.6
14.44.03	SUCCESS	take_balance	take balance from  = 186.6
14.44.13	SUCCESS	index	send - index.html
16.05.04	SUCCESS	take_balance	take balance from  = 186.6
16.05.04	SUCCESS	take_balance	take balance from  = 186.6
16.09.35	SUCCESS	take_balance	take balance from  = 186.6
16.31.14	SUCCESS	take_balance	take balance from  = 186.6
16.31.14	SUCCESS	take_balance	take balance from  = 186.6
16.31.24	SUCCESS	index	send to +79661140411	text: 123123
16.42.16	SUCCESS	take_balance	take balance from  = 182.65
16.42.17	SUCCESS	take_balance	take balance from  = 182.65
16.42.26	SUCCESS	index	send to +79661140411	text: хай
16.44.09	SUCCESS	take_balance	take balance from  = 178.7
16.45.05	SUCCESS	take_balance	take balance from  = 178.7
16.45.05	SUCCESS	take_balance	take balance from  = 178.7
16.45.10	SUCCESS	index	send to +79661140411	text: 123123
16.45.14	SUCCESS	index	send - index.html
16.45.18	SUCCESS	index	send - index.html
